
*** Running vivado
    with args -log zcu102_bd_xbar_0.vds -m64 -product Vivado -mode batch -messageDb vivado.pb -notrace -source zcu102_bd_xbar_0.tcl


****** Vivado v2019.2 (64-bit)
  **** SW Build 2708876 on Wed Nov  6 21:39:14 MST 2019
  **** IP Build 2700528 on Thu Nov  7 00:09:20 MST 2019
    ** Copyright 1986-2019 Xilinx, Inc. All Rights Reserved.

source zcu102_bd_xbar_0.tcl -notrace
Command: synth_design -top zcu102_bd_xbar_0 -part xczu9eg-ffvb1156-2-e -mode out_of_context
Starting synth_design
Attempting to get a license for feature 'Synthesis' and/or device 'xczu9eg'
INFO: [Common 17-349] Got license for feature 'Synthesis' and/or device 'xczu9eg'
INFO: [Device 21-403] Loading part xczu9eg-ffvb1156-2-e
INFO: Launching helper process for spawning children vivado processes
INFO: Helper process launched with PID 20046 
---------------------------------------------------------------------------------
Starting RTL Elaboration : Time (s): cpu = 00:00:19 ; elapsed = 00:00:36 . Memory (MB): peak = 2474.402 ; gain = 0.000 ; free physical = 307 ; free virtual = 5932
---------------------------------------------------------------------------------
INFO: [Synth 8-6157] synthesizing module 'zcu102_bd_xbar_0' [/home/whitney/zcu102_demo/zcu102_demo.srcs/sources_1/bd/zcu102_bd/ip/zcu102_bd_xbar_0/synth/zcu102_bd_xbar_0.v:59]
INFO: [Synth 8-6157] synthesizing module 'axi_crossbar_v2_1_21_axi_crossbar' [/home/whitney/zcu102_demo/zcu102_demo.srcs/sources_1/bd/zcu102_bd/ipshared/6b0d/hdl/axi_crossbar_v2_1_vl_rfs.v:4884]
	Parameter C_FAMILY bound to: zynquplus - type: string 
	Parameter C_NUM_SLAVE_SLOTS bound to: 2 - type: integer 
	Parameter C_NUM_MASTER_SLOTS bound to: 1 - type: integer 
	Parameter C_AXI_ID_WIDTH bound to: 1 - type: integer 
	Parameter C_AXI_ADDR_WIDTH bound to: 40 - type: integer 
	Parameter C_AXI_DATA_WIDTH bound to: 32 - type: integer 
	Parameter C_AXI_PROTOCOL bound to: 2 - type: integer 
	Parameter C_NUM_ADDR_RANGES bound to: 1 - type: integer 
	Parameter C_M_AXI_BASE_ADDR bound to: 64'b0000000000000000000000000000000010100000000000000000000000000000 
	Parameter C_M_AXI_ADDR_WIDTH bound to: 16 - type: integer 
	Parameter C_S_AXI_BASE_ID bound to: 64'b0000000000000000000000000000000100000000000000000000000000000000 
	Parameter C_S_AXI_THREAD_ID_WIDTH bound to: 64'b0000000000000000000000000000000000000000000000000000000000000000 
	Parameter C_AXI_SUPPORTS_USER_SIGNALS bound to: 0 - type: integer 
	Parameter C_AXI_AWUSER_WIDTH bound to: 1 - type: integer 
	Parameter C_AXI_ARUSER_WIDTH bound to: 1 - type: integer 
	Parameter C_AXI_WUSER_WIDTH bound to: 1 - type: integer 
	Parameter C_AXI_RUSER_WIDTH bound to: 1 - type: integer 
	Parameter C_AXI_BUSER_WIDTH bound to: 1 - type: integer 
	Parameter C_M_AXI_WRITE_CONNECTIVITY bound to: 3 - type: integer 
	Parameter C_M_AXI_READ_CONNECTIVITY bound to: 3 - type: integer 
	Parameter C_R_REGISTER bound to: 1 - type: integer 
	Parameter C_S_AXI_SINGLE_THREAD bound to: 64'b0000000000000000000000000000000100000000000000000000000000000001 
	Parameter C_S_AXI_WRITE_ACCEPTANCE bound to: 64'b0000000000000000000000000000000100000000000000000000000000000001 
	Parameter C_S_AXI_READ_ACCEPTANCE bound to: 64'b0000000000000000000000000000000100000000000000000000000000000001 
	Parameter C_M_AXI_WRITE_ISSUING bound to: 1 - type: integer 
	Parameter C_M_AXI_READ_ISSUING bound to: 1 - type: integer 
	Parameter C_S_AXI_ARB_PRIORITY bound to: 64'b0000000000000000000000000000000000000000000000000000000000000000 
	Parameter C_M_AXI_SECURE bound to: 0 - type: integer 
	Parameter C_CONNECTIVITY_MODE bound to: 0 - type: integer 
	Parameter P_ONES bound to: 65'b11111111111111111111111111111111111111111111111111111111111111111 
	Parameter P_S_AXI_BASE_ID bound to: 128'b00000000000000000000000000000000000000000000000000000000000000010000000000000000000000000000000000000000000000000000000000000000 
	Parameter P_S_AXI_HIGH_ID bound to: 128'b00000000000000000000000000000000000000000000000000000000000000010000000000000000000000000000000000000000000000000000000000000000 
	Parameter P_AXI4 bound to: 0 - type: integer 
	Parameter P_AXI3 bound to: 1 - type: integer 
	Parameter P_AXILITE bound to: 2 - type: integer 
	Parameter P_AXILITE_SIZE bound to: 3'b010 
	Parameter P_INCR bound to: 2'b01 
	Parameter P_M_AXI_SUPPORTS_WRITE bound to: 1'b1 
	Parameter P_M_AXI_SUPPORTS_READ bound to: 1'b1 
	Parameter P_S_AXI_SUPPORTS_WRITE bound to: 2'b11 
	Parameter P_S_AXI_SUPPORTS_READ bound to: 2'b11 
	Parameter C_DEBUG bound to: 1 - type: integer 
	Parameter P_RANGE_CHECK bound to: 1 - type: integer 
	Parameter P_ADDR_DECODE bound to: 1 - type: integer 
	Parameter P_M_AXI_ERR_MODE bound to: 32'b00000000000000000000000000000000 
	Parameter P_LEN bound to: 8 - type: integer 
	Parameter P_LOCK bound to: 1 - type: integer 
	Parameter P_FAMILY bound to: rtl - type: string 
INFO: [Synth 8-6157] synthesizing module 'axi_crossbar_v2_1_21_crossbar_sasd' [/home/whitney/zcu102_demo/zcu102_demo.srcs/sources_1/bd/zcu102_bd/ipshared/6b0d/hdl/axi_crossbar_v2_1_vl_rfs.v:1240]
	Parameter C_FAMILY bound to: rtl - type: string 
	Parameter C_NUM_SLAVE_SLOTS bound to: 2 - type: integer 
	Parameter C_NUM_MASTER_SLOTS bound to: 1 - type: integer 
	Parameter C_NUM_ADDR_RANGES bound to: 1 - type: integer 
	Parameter C_AXI_ID_WIDTH bound to: 1 - type: integer 
	Parameter C_AXI_ADDR_WIDTH bound to: 40 - type: integer 
	Parameter C_AXI_DATA_WIDTH bound to: 32 - type: integer 
	Parameter C_AXI_PROTOCOL bound to: 2 - type: integer 
	Parameter C_M_AXI_BASE_ADDR bound to: 64'b0000000000000000000000000000000010100000000000000000000000000000 
	Parameter C_M_AXI_HIGH_ADDR bound to: 64'b0000000000000000000000000000000010100000000000001111111111111111 
	Parameter C_S_AXI_BASE_ID bound to: 128'b00000000000000000000000000000000000000000000000000000000000000010000000000000000000000000000000000000000000000000000000000000000 
	Parameter C_S_AXI_HIGH_ID bound to: 128'b00000000000000000000000000000000000000000000000000000000000000010000000000000000000000000000000000000000000000000000000000000000 
	Parameter C_AXI_SUPPORTS_USER_SIGNALS bound to: 0 - type: integer 
	Parameter C_AXI_AWUSER_WIDTH bound to: 1 - type: integer 
	Parameter C_AXI_ARUSER_WIDTH bound to: 1 - type: integer 
	Parameter C_AXI_WUSER_WIDTH bound to: 1 - type: integer 
	Parameter C_AXI_RUSER_WIDTH bound to: 1 - type: integer 
	Parameter C_AXI_BUSER_WIDTH bound to: 1 - type: integer 
	Parameter C_S_AXI_SUPPORTS_WRITE bound to: 2'b11 
	Parameter C_S_AXI_SUPPORTS_READ bound to: 2'b11 
	Parameter C_M_AXI_SUPPORTS_WRITE bound to: 1'b1 
	Parameter C_M_AXI_SUPPORTS_READ bound to: 1'b1 
	Parameter C_S_AXI_ARB_PRIORITY bound to: 64'b0000000000000000000000000000000000000000000000000000000000000000 
	Parameter C_M_AXI_SECURE bound to: 0 - type: integer 
	Parameter C_M_AXI_ERR_MODE bound to: 32'b00000000000000000000000000000000 
	Parameter C_R_REGISTER bound to: 1 - type: integer 
	Parameter C_RANGE_CHECK bound to: 1 - type: integer 
	Parameter C_ADDR_DECODE bound to: 1 - type: integer 
	Parameter C_DEBUG bound to: 1 - type: integer 
	Parameter P_AXI4 bound to: 0 - type: integer 
	Parameter P_AXI3 bound to: 1 - type: integer 
	Parameter P_AXILITE bound to: 2 - type: integer 
	Parameter P_NUM_MASTER_SLOTS_DE bound to: 2 - type: integer 
	Parameter P_NUM_MASTER_SLOTS_LOG bound to: 1 - type: integer 
	Parameter P_NUM_MASTER_SLOTS_DE_LOG bound to: 1 - type: integer 
	Parameter P_NUM_SLAVE_SLOTS_LOG bound to: 1 - type: integer 
	Parameter P_AXI_AUSER_WIDTH bound to: 1 - type: integer 
	Parameter P_AXI_WID_WIDTH bound to: 1 - type: integer 
	Parameter P_AMESG_WIDTH bound to: 72 - type: integer 
	Parameter P_BMESG_WIDTH bound to: 3 - type: integer 
	Parameter P_RMESG_WIDTH bound to: 36 - type: integer 
	Parameter P_WMESG_WIDTH bound to: 39 - type: integer 
	Parameter P_AXILITE_ERRMODE bound to: 1 - type: integer 
	Parameter P_NONSECURE_BIT bound to: 1 - type: integer 
	Parameter P_M_SECURE_MASK bound to: 1'b0 
	Parameter P_M_AXILITE_MASK bound to: 1'b0 
	Parameter P_FIXED bound to: 2'b00 
	Parameter P_BYPASS bound to: 0 - type: integer 
	Parameter P_LIGHTWT bound to: 7 - type: integer 
	Parameter P_FULLY_REG bound to: 1 - type: integer 
	Parameter P_R_REG_CONFIG bound to: 1 - type: integer 
	Parameter P_DECERR bound to: 2'b11 
INFO: [Synth 8-6157] synthesizing module 'axi_crossbar_v2_1_21_addr_decoder' [/home/whitney/zcu102_demo/zcu102_demo.srcs/sources_1/bd/zcu102_bd/ipshared/6b0d/hdl/axi_crossbar_v2_1_vl_rfs.v:794]
	Parameter C_FAMILY bound to: rtl - type: string 
	Parameter C_NUM_TARGETS bound to: 1 - type: integer 
	Parameter C_NUM_TARGETS_LOG bound to: 1 - type: integer 
	Parameter C_NUM_RANGES bound to: 1 - type: integer 
	Parameter C_ADDR_WIDTH bound to: 40 - type: integer 
	Parameter C_TARGET_ENC bound to: 1 - type: integer 
	Parameter C_TARGET_HOT bound to: 1 - type: integer 
	Parameter C_REGION_ENC bound to: 1 - type: integer 
	Parameter C_BASE_ADDR bound to: 64'b0000000000000000000000000000000010100000000000000000000000000000 
	Parameter C_HIGH_ADDR bound to: 64'b0000000000000000000000000000000010100000000000001111111111111111 
	Parameter C_TARGET_QUAL bound to: 2'b01 
	Parameter C_RESOLUTION bound to: 2 - type: integer 
	Parameter C_COMPARATOR_THRESHOLD bound to: 6 - type: integer 
INFO: [Synth 8-6157] synthesizing module 'generic_baseblocks_v2_1_0_comparator_static' [/home/whitney/zcu102_demo/zcu102_demo.srcs/sources_1/bd/zcu102_bd/ipshared/b752/hdl/generic_baseblocks_v2_1_vl_rfs.v:2133]
	Parameter C_FAMILY bound to: rtl - type: string 
	Parameter C_VALUE bound to: 38'b00000000101000000000000000000000000000 
	Parameter C_DATA_WIDTH bound to: 38 - type: integer 
	Parameter C_BITS_PER_LUT bound to: 6 - type: integer 
	Parameter C_NUM_LUT bound to: 7 - type: integer 
	Parameter C_FIX_DATA_WIDTH bound to: 42 - type: integer 
INFO: [Synth 8-6157] synthesizing module 'generic_baseblocks_v2_1_0_carry_and' [/home/whitney/zcu102_demo/zcu102_demo.srcs/sources_1/bd/zcu102_bd/ipshared/b752/hdl/generic_baseblocks_v2_1_vl_rfs.v:62]
	Parameter C_FAMILY bound to: rtl - type: string 
INFO: [Synth 8-6155] done synthesizing module 'generic_baseblocks_v2_1_0_carry_and' (1#1) [/home/whitney/zcu102_demo/zcu102_demo.srcs/sources_1/bd/zcu102_bd/ipshared/b752/hdl/generic_baseblocks_v2_1_vl_rfs.v:62]
INFO: [Synth 8-6155] done synthesizing module 'generic_baseblocks_v2_1_0_comparator_static' (2#1) [/home/whitney/zcu102_demo/zcu102_demo.srcs/sources_1/bd/zcu102_bd/ipshared/b752/hdl/generic_baseblocks_v2_1_vl_rfs.v:2133]
INFO: [Synth 8-6155] done synthesizing module 'axi_crossbar_v2_1_21_addr_decoder' (3#1) [/home/whitney/zcu102_demo/zcu102_demo.srcs/sources_1/bd/zcu102_bd/ipshared/6b0d/hdl/axi_crossbar_v2_1_vl_rfs.v:794]
INFO: [Synth 8-6157] synthesizing module 'generic_baseblocks_v2_1_0_mux_enc' [/home/whitney/zcu102_demo/zcu102_demo.srcs/sources_1/bd/zcu102_bd/ipshared/b752/hdl/generic_baseblocks_v2_1_vl_rfs.v:2452]
	Parameter C_FAMILY bound to: rtl - type: string 
	Parameter C_RATIO bound to: 2 - type: integer 
	Parameter C_SEL_WIDTH bound to: 1 - type: integer 
	Parameter C_DATA_WIDTH bound to: 1 - type: integer 
INFO: [Synth 8-6155] done synthesizing module 'generic_baseblocks_v2_1_0_mux_enc' (4#1) [/home/whitney/zcu102_demo/zcu102_demo.srcs/sources_1/bd/zcu102_bd/ipshared/b752/hdl/generic_baseblocks_v2_1_vl_rfs.v:2452]
INFO: [Synth 8-6157] synthesizing module 'generic_baseblocks_v2_1_0_mux_enc__parameterized0' [/home/whitney/zcu102_demo/zcu102_demo.srcs/sources_1/bd/zcu102_bd/ipshared/b752/hdl/generic_baseblocks_v2_1_vl_rfs.v:2452]
	Parameter C_FAMILY bound to: rtl - type: string 
	Parameter C_RATIO bound to: 2 - type: integer 
	Parameter C_SEL_WIDTH bound to: 1 - type: integer 
	Parameter C_DATA_WIDTH bound to: 39 - type: integer 
INFO: [Synth 8-6155] done synthesizing module 'generic_baseblocks_v2_1_0_mux_enc__parameterized0' (4#1) [/home/whitney/zcu102_demo/zcu102_demo.srcs/sources_1/bd/zcu102_bd/ipshared/b752/hdl/generic_baseblocks_v2_1_vl_rfs.v:2452]
INFO: [Synth 8-6157] synthesizing module 'axi_crossbar_v2_1_21_decerr_slave' [/home/whitney/zcu102_demo/zcu102_demo.srcs/sources_1/bd/zcu102_bd/ipshared/6b0d/hdl/axi_crossbar_v2_1_vl_rfs.v:3501]
	Parameter C_AXI_ID_WIDTH bound to: 1 - type: integer 
	Parameter C_AXI_DATA_WIDTH bound to: 32 - type: integer 
	Parameter C_AXI_BUSER_WIDTH bound to: 1 - type: integer 
	Parameter C_AXI_RUSER_WIDTH bound to: 1 - type: integer 
	Parameter C_AXI_PROTOCOL bound to: 2 - type: integer 
	Parameter C_RESP bound to: 3 - type: integer 
	Parameter P_WRITE_IDLE bound to: 2'b00 
	Parameter P_WRITE_DATA bound to: 2'b01 
	Parameter P_WRITE_RESP bound to: 2'b10 
	Parameter P_READ_IDLE bound to: 1'b0 
	Parameter P_READ_DATA bound to: 1'b1 
	Parameter P_AXI4 bound to: 0 - type: integer 
	Parameter P_AXI3 bound to: 1 - type: integer 
	Parameter P_AXILITE bound to: 2 - type: integer 
INFO: [Synth 8-6155] done synthesizing module 'axi_crossbar_v2_1_21_decerr_slave' (5#1) [/home/whitney/zcu102_demo/zcu102_demo.srcs/sources_1/bd/zcu102_bd/ipshared/6b0d/hdl/axi_crossbar_v2_1_vl_rfs.v:3501]
INFO: [Synth 8-6157] synthesizing module 'axi_crossbar_v2_1_21_addr_arbiter_sasd' [/home/whitney/zcu102_demo/zcu102_demo.srcs/sources_1/bd/zcu102_bd/ipshared/6b0d/hdl/axi_crossbar_v2_1_vl_rfs.v:65]
	Parameter C_FAMILY bound to: rtl - type: string 
	Parameter C_NUM_S bound to: 2 - type: integer 
	Parameter C_NUM_S_LOG bound to: 1 - type: integer 
	Parameter C_AMESG_WIDTH bound to: 72 - type: integer 
	Parameter C_GRANT_ENC bound to: 1 - type: integer 
	Parameter C_ARB_PRIORITY bound to: 64'b0000000000000000000000000000000000000000000000000000000000000000 
	Parameter P_PRIO_MASK bound to: 2'b00 
INFO: [Synth 8-6157] synthesizing module 'generic_baseblocks_v2_1_0_mux_enc__parameterized1' [/home/whitney/zcu102_demo/zcu102_demo.srcs/sources_1/bd/zcu102_bd/ipshared/b752/hdl/generic_baseblocks_v2_1_vl_rfs.v:2452]
	Parameter C_FAMILY bound to: rtl - type: string 
	Parameter C_RATIO bound to: 2 - type: integer 
	Parameter C_SEL_WIDTH bound to: 1 - type: integer 
	Parameter C_DATA_WIDTH bound to: 72 - type: integer 
INFO: [Synth 8-6155] done synthesizing module 'generic_baseblocks_v2_1_0_mux_enc__parameterized1' (5#1) [/home/whitney/zcu102_demo/zcu102_demo.srcs/sources_1/bd/zcu102_bd/ipshared/b752/hdl/generic_baseblocks_v2_1_vl_rfs.v:2452]
INFO: [Synth 8-6155] done synthesizing module 'axi_crossbar_v2_1_21_addr_arbiter_sasd' (6#1) [/home/whitney/zcu102_demo/zcu102_demo.srcs/sources_1/bd/zcu102_bd/ipshared/6b0d/hdl/axi_crossbar_v2_1_vl_rfs.v:65]
INFO: [Synth 8-6157] synthesizing module 'axi_crossbar_v2_1_21_splitter' [/home/whitney/zcu102_demo/zcu102_demo.srcs/sources_1/bd/zcu102_bd/ipshared/6b0d/hdl/axi_crossbar_v2_1_vl_rfs.v:4461]
	Parameter C_NUM_M bound to: 3 - type: integer 
INFO: [Synth 8-6155] done synthesizing module 'axi_crossbar_v2_1_21_splitter' (7#1) [/home/whitney/zcu102_demo/zcu102_demo.srcs/sources_1/bd/zcu102_bd/ipshared/6b0d/hdl/axi_crossbar_v2_1_vl_rfs.v:4461]
INFO: [Synth 8-6157] synthesizing module 'axi_crossbar_v2_1_21_splitter__parameterized0' [/home/whitney/zcu102_demo/zcu102_demo.srcs/sources_1/bd/zcu102_bd/ipshared/6b0d/hdl/axi_crossbar_v2_1_vl_rfs.v:4461]
	Parameter C_NUM_M bound to: 2 - type: integer 
INFO: [Synth 8-6155] done synthesizing module 'axi_crossbar_v2_1_21_splitter__parameterized0' (7#1) [/home/whitney/zcu102_demo/zcu102_demo.srcs/sources_1/bd/zcu102_bd/ipshared/6b0d/hdl/axi_crossbar_v2_1_vl_rfs.v:4461]
INFO: [Synth 8-6157] synthesizing module 'generic_baseblocks_v2_1_0_mux_enc__parameterized2' [/home/whitney/zcu102_demo/zcu102_demo.srcs/sources_1/bd/zcu102_bd/ipshared/b752/hdl/generic_baseblocks_v2_1_vl_rfs.v:2452]
	Parameter C_FAMILY bound to: rtl - type: string 
	Parameter C_RATIO bound to: 2 - type: integer 
	Parameter C_SEL_WIDTH bound to: 1 - type: integer 
	Parameter C_DATA_WIDTH bound to: 36 - type: integer 
INFO: [Synth 8-6155] done synthesizing module 'generic_baseblocks_v2_1_0_mux_enc__parameterized2' (7#1) [/home/whitney/zcu102_demo/zcu102_demo.srcs/sources_1/bd/zcu102_bd/ipshared/b752/hdl/generic_baseblocks_v2_1_vl_rfs.v:2452]
INFO: [Synth 8-6157] synthesizing module 'axi_register_slice_v2_1_20_axic_register_slice' [/home/whitney/zcu102_demo/zcu102_demo.srcs/sources_1/bd/zcu102_bd/ipshared/72d4/hdl/axi_register_slice_v2_1_vl_rfs.v:1476]
	Parameter C_FAMILY bound to: rtl - type: string 
	Parameter C_DATA_WIDTH bound to: 36 - type: integer 
	Parameter C_REG_CONFIG bound to: 1 - type: integer 
INFO: [Synth 8-6155] done synthesizing module 'axi_register_slice_v2_1_20_axic_register_slice' (8#1) [/home/whitney/zcu102_demo/zcu102_demo.srcs/sources_1/bd/zcu102_bd/ipshared/72d4/hdl/axi_register_slice_v2_1_vl_rfs.v:1476]
INFO: [Synth 8-6157] synthesizing module 'generic_baseblocks_v2_1_0_mux_enc__parameterized3' [/home/whitney/zcu102_demo/zcu102_demo.srcs/sources_1/bd/zcu102_bd/ipshared/b752/hdl/generic_baseblocks_v2_1_vl_rfs.v:2452]
	Parameter C_FAMILY bound to: rtl - type: string 
	Parameter C_RATIO bound to: 2 - type: integer 
	Parameter C_SEL_WIDTH bound to: 1 - type: integer 
	Parameter C_DATA_WIDTH bound to: 3 - type: integer 
INFO: [Synth 8-6155] done synthesizing module 'generic_baseblocks_v2_1_0_mux_enc__parameterized3' (8#1) [/home/whitney/zcu102_demo/zcu102_demo.srcs/sources_1/bd/zcu102_bd/ipshared/b752/hdl/generic_baseblocks_v2_1_vl_rfs.v:2452]
WARNING: [Synth 8-6014] Unused sequential element gen_debug_trans_seq.debug_aw_trans_seq_i_reg was removed.  [/home/whitney/zcu102_demo/zcu102_demo.srcs/sources_1/bd/zcu102_bd/ipshared/6b0d/hdl/axi_crossbar_v2_1_vl_rfs.v:2056]
WARNING: [Synth 8-6014] Unused sequential element gen_debug_trans_seq.debug_ar_trans_seq_i_reg was removed.  [/home/whitney/zcu102_demo/zcu102_demo.srcs/sources_1/bd/zcu102_bd/ipshared/6b0d/hdl/axi_crossbar_v2_1_vl_rfs.v:2067]
WARNING: [Synth 8-6014] Unused sequential element gen_debug_trans_seq.debug_w_beat_cnt_i_reg was removed.  [/home/whitney/zcu102_demo/zcu102_demo.srcs/sources_1/bd/zcu102_bd/ipshared/6b0d/hdl/axi_crossbar_v2_1_vl_rfs.v:2078]
WARNING: [Synth 8-6014] Unused sequential element gen_debug_trans_seq.debug_r_beat_cnt_i_reg was removed.  [/home/whitney/zcu102_demo/zcu102_demo.srcs/sources_1/bd/zcu102_bd/ipshared/6b0d/hdl/axi_crossbar_v2_1_vl_rfs.v:2091]
INFO: [Synth 8-6155] done synthesizing module 'axi_crossbar_v2_1_21_crossbar_sasd' (9#1) [/home/whitney/zcu102_demo/zcu102_demo.srcs/sources_1/bd/zcu102_bd/ipshared/6b0d/hdl/axi_crossbar_v2_1_vl_rfs.v:1240]
INFO: [Synth 8-6155] done synthesizing module 'axi_crossbar_v2_1_21_axi_crossbar' (10#1) [/home/whitney/zcu102_demo/zcu102_demo.srcs/sources_1/bd/zcu102_bd/ipshared/6b0d/hdl/axi_crossbar_v2_1_vl_rfs.v:4884]
INFO: [Synth 8-6155] done synthesizing module 'zcu102_bd_xbar_0' (11#1) [/home/whitney/zcu102_demo/zcu102_demo.srcs/sources_1/bd/zcu102_bd/ip/zcu102_bd_xbar_0/synth/zcu102_bd_xbar_0.v:59]
WARNING: [Synth 8-3331] design axi_crossbar_v2_1_21_decerr_slave has unconnected port S_AXI_AWID[0]
WARNING: [Synth 8-3331] design axi_crossbar_v2_1_21_decerr_slave has unconnected port S_AXI_WLAST
WARNING: [Synth 8-3331] design axi_crossbar_v2_1_21_decerr_slave has unconnected port S_AXI_ARID[0]
WARNING: [Synth 8-3331] design axi_crossbar_v2_1_21_decerr_slave has unconnected port S_AXI_ARLEN[7]
WARNING: [Synth 8-3331] design axi_crossbar_v2_1_21_decerr_slave has unconnected port S_AXI_ARLEN[6]
WARNING: [Synth 8-3331] design axi_crossbar_v2_1_21_decerr_slave has unconnected port S_AXI_ARLEN[5]
WARNING: [Synth 8-3331] design axi_crossbar_v2_1_21_decerr_slave has unconnected port S_AXI_ARLEN[4]
WARNING: [Synth 8-3331] design axi_crossbar_v2_1_21_decerr_slave has unconnected port S_AXI_ARLEN[3]
WARNING: [Synth 8-3331] design axi_crossbar_v2_1_21_decerr_slave has unconnected port S_AXI_ARLEN[2]
WARNING: [Synth 8-3331] design axi_crossbar_v2_1_21_decerr_slave has unconnected port S_AXI_ARLEN[1]
WARNING: [Synth 8-3331] design axi_crossbar_v2_1_21_decerr_slave has unconnected port S_AXI_ARLEN[0]
WARNING: [Synth 8-3331] design axi_crossbar_v2_1_21_addr_decoder has unconnected port ADDR[1]
WARNING: [Synth 8-3331] design axi_crossbar_v2_1_21_addr_decoder has unconnected port ADDR[0]
WARNING: [Synth 8-3331] design axi_crossbar_v2_1_21_crossbar_sasd has unconnected port S_AXI_AWID[1]
WARNING: [Synth 8-3331] design axi_crossbar_v2_1_21_crossbar_sasd has unconnected port S_AXI_AWID[0]
WARNING: [Synth 8-3331] design axi_crossbar_v2_1_21_crossbar_sasd has unconnected port S_AXI_WID[1]
WARNING: [Synth 8-3331] design axi_crossbar_v2_1_21_crossbar_sasd has unconnected port S_AXI_WID[0]
WARNING: [Synth 8-3331] design axi_crossbar_v2_1_21_crossbar_sasd has unconnected port S_AXI_ARID[1]
WARNING: [Synth 8-3331] design axi_crossbar_v2_1_21_crossbar_sasd has unconnected port S_AXI_ARID[0]
WARNING: [Synth 8-3331] design axi_crossbar_v2_1_21_crossbar_sasd has unconnected port M_AXI_BID[0]
WARNING: [Synth 8-3331] design axi_crossbar_v2_1_21_crossbar_sasd has unconnected port M_AXI_RID[0]
WARNING: [Synth 8-3331] design axi_crossbar_v2_1_21_axi_crossbar has unconnected port s_axi_awid[1]
WARNING: [Synth 8-3331] design axi_crossbar_v2_1_21_axi_crossbar has unconnected port s_axi_awid[0]
WARNING: [Synth 8-3331] design axi_crossbar_v2_1_21_axi_crossbar has unconnected port s_axi_awlen[15]
WARNING: [Synth 8-3331] design axi_crossbar_v2_1_21_axi_crossbar has unconnected port s_axi_awlen[14]
WARNING: [Synth 8-3331] design axi_crossbar_v2_1_21_axi_crossbar has unconnected port s_axi_awlen[13]
WARNING: [Synth 8-3331] design axi_crossbar_v2_1_21_axi_crossbar has unconnected port s_axi_awlen[12]
WARNING: [Synth 8-3331] design axi_crossbar_v2_1_21_axi_crossbar has unconnected port s_axi_awlen[11]
WARNING: [Synth 8-3331] design axi_crossbar_v2_1_21_axi_crossbar has unconnected port s_axi_awlen[10]
WARNING: [Synth 8-3331] design axi_crossbar_v2_1_21_axi_crossbar has unconnected port s_axi_awlen[9]
WARNING: [Synth 8-3331] design axi_crossbar_v2_1_21_axi_crossbar has unconnected port s_axi_awlen[8]
WARNING: [Synth 8-3331] design axi_crossbar_v2_1_21_axi_crossbar has unconnected port s_axi_awlen[7]
WARNING: [Synth 8-3331] design axi_crossbar_v2_1_21_axi_crossbar has unconnected port s_axi_awlen[6]
WARNING: [Synth 8-3331] design axi_crossbar_v2_1_21_axi_crossbar has unconnected port s_axi_awlen[5]
WARNING: [Synth 8-3331] design axi_crossbar_v2_1_21_axi_crossbar has unconnected port s_axi_awlen[4]
WARNING: [Synth 8-3331] design axi_crossbar_v2_1_21_axi_crossbar has unconnected port s_axi_awlen[3]
WARNING: [Synth 8-3331] design axi_crossbar_v2_1_21_axi_crossbar has unconnected port s_axi_awlen[2]
WARNING: [Synth 8-3331] design axi_crossbar_v2_1_21_axi_crossbar has unconnected port s_axi_awlen[1]
WARNING: [Synth 8-3331] design axi_crossbar_v2_1_21_axi_crossbar has unconnected port s_axi_awlen[0]
WARNING: [Synth 8-3331] design axi_crossbar_v2_1_21_axi_crossbar has unconnected port s_axi_awsize[5]
WARNING: [Synth 8-3331] design axi_crossbar_v2_1_21_axi_crossbar has unconnected port s_axi_awsize[4]
WARNING: [Synth 8-3331] design axi_crossbar_v2_1_21_axi_crossbar has unconnected port s_axi_awsize[3]
WARNING: [Synth 8-3331] design axi_crossbar_v2_1_21_axi_crossbar has unconnected port s_axi_awsize[2]
WARNING: [Synth 8-3331] design axi_crossbar_v2_1_21_axi_crossbar has unconnected port s_axi_awsize[1]
WARNING: [Synth 8-3331] design axi_crossbar_v2_1_21_axi_crossbar has unconnected port s_axi_awsize[0]
WARNING: [Synth 8-3331] design axi_crossbar_v2_1_21_axi_crossbar has unconnected port s_axi_awburst[3]
WARNING: [Synth 8-3331] design axi_crossbar_v2_1_21_axi_crossbar has unconnected port s_axi_awburst[2]
WARNING: [Synth 8-3331] design axi_crossbar_v2_1_21_axi_crossbar has unconnected port s_axi_awburst[1]
WARNING: [Synth 8-3331] design axi_crossbar_v2_1_21_axi_crossbar has unconnected port s_axi_awburst[0]
WARNING: [Synth 8-3331] design axi_crossbar_v2_1_21_axi_crossbar has unconnected port s_axi_awlock[1]
WARNING: [Synth 8-3331] design axi_crossbar_v2_1_21_axi_crossbar has unconnected port s_axi_awlock[0]
WARNING: [Synth 8-3331] design axi_crossbar_v2_1_21_axi_crossbar has unconnected port s_axi_awcache[7]
WARNING: [Synth 8-3331] design axi_crossbar_v2_1_21_axi_crossbar has unconnected port s_axi_awcache[6]
WARNING: [Synth 8-3331] design axi_crossbar_v2_1_21_axi_crossbar has unconnected port s_axi_awcache[5]
WARNING: [Synth 8-3331] design axi_crossbar_v2_1_21_axi_crossbar has unconnected port s_axi_awcache[4]
WARNING: [Synth 8-3331] design axi_crossbar_v2_1_21_axi_crossbar has unconnected port s_axi_awcache[3]
WARNING: [Synth 8-3331] design axi_crossbar_v2_1_21_axi_crossbar has unconnected port s_axi_awcache[2]
WARNING: [Synth 8-3331] design axi_crossbar_v2_1_21_axi_crossbar has unconnected port s_axi_awcache[1]
WARNING: [Synth 8-3331] design axi_crossbar_v2_1_21_axi_crossbar has unconnected port s_axi_awcache[0]
WARNING: [Synth 8-3331] design axi_crossbar_v2_1_21_axi_crossbar has unconnected port s_axi_awqos[7]
WARNING: [Synth 8-3331] design axi_crossbar_v2_1_21_axi_crossbar has unconnected port s_axi_awqos[6]
WARNING: [Synth 8-3331] design axi_crossbar_v2_1_21_axi_crossbar has unconnected port s_axi_awqos[5]
WARNING: [Synth 8-3331] design axi_crossbar_v2_1_21_axi_crossbar has unconnected port s_axi_awqos[4]
WARNING: [Synth 8-3331] design axi_crossbar_v2_1_21_axi_crossbar has unconnected port s_axi_awqos[3]
WARNING: [Synth 8-3331] design axi_crossbar_v2_1_21_axi_crossbar has unconnected port s_axi_awqos[2]
WARNING: [Synth 8-3331] design axi_crossbar_v2_1_21_axi_crossbar has unconnected port s_axi_awqos[1]
WARNING: [Synth 8-3331] design axi_crossbar_v2_1_21_axi_crossbar has unconnected port s_axi_awqos[0]
WARNING: [Synth 8-3331] design axi_crossbar_v2_1_21_axi_crossbar has unconnected port s_axi_awuser[1]
WARNING: [Synth 8-3331] design axi_crossbar_v2_1_21_axi_crossbar has unconnected port s_axi_awuser[0]
WARNING: [Synth 8-3331] design axi_crossbar_v2_1_21_axi_crossbar has unconnected port s_axi_wid[1]
WARNING: [Synth 8-3331] design axi_crossbar_v2_1_21_axi_crossbar has unconnected port s_axi_wid[0]
WARNING: [Synth 8-3331] design axi_crossbar_v2_1_21_axi_crossbar has unconnected port s_axi_wlast[1]
WARNING: [Synth 8-3331] design axi_crossbar_v2_1_21_axi_crossbar has unconnected port s_axi_wlast[0]
WARNING: [Synth 8-3331] design axi_crossbar_v2_1_21_axi_crossbar has unconnected port s_axi_wuser[1]
WARNING: [Synth 8-3331] design axi_crossbar_v2_1_21_axi_crossbar has unconnected port s_axi_wuser[0]
WARNING: [Synth 8-3331] design axi_crossbar_v2_1_21_axi_crossbar has unconnected port s_axi_arid[1]
WARNING: [Synth 8-3331] design axi_crossbar_v2_1_21_axi_crossbar has unconnected port s_axi_arid[0]
WARNING: [Synth 8-3331] design axi_crossbar_v2_1_21_axi_crossbar has unconnected port s_axi_arlen[15]
WARNING: [Synth 8-3331] design axi_crossbar_v2_1_21_axi_crossbar has unconnected port s_axi_arlen[14]
WARNING: [Synth 8-3331] design axi_crossbar_v2_1_21_axi_crossbar has unconnected port s_axi_arlen[13]
WARNING: [Synth 8-3331] design axi_crossbar_v2_1_21_axi_crossbar has unconnected port s_axi_arlen[12]
WARNING: [Synth 8-3331] design axi_crossbar_v2_1_21_axi_crossbar has unconnected port s_axi_arlen[11]
WARNING: [Synth 8-3331] design axi_crossbar_v2_1_21_axi_crossbar has unconnected port s_axi_arlen[10]
WARNING: [Synth 8-3331] design axi_crossbar_v2_1_21_axi_crossbar has unconnected port s_axi_arlen[9]
WARNING: [Synth 8-3331] design axi_crossbar_v2_1_21_axi_crossbar has unconnected port s_axi_arlen[8]
WARNING: [Synth 8-3331] design axi_crossbar_v2_1_21_axi_crossbar has unconnected port s_axi_arlen[7]
WARNING: [Synth 8-3331] design axi_crossbar_v2_1_21_axi_crossbar has unconnected port s_axi_arlen[6]
WARNING: [Synth 8-3331] design axi_crossbar_v2_1_21_axi_crossbar has unconnected port s_axi_arlen[5]
WARNING: [Synth 8-3331] design axi_crossbar_v2_1_21_axi_crossbar has unconnected port s_axi_arlen[4]
WARNING: [Synth 8-3331] design axi_crossbar_v2_1_21_axi_crossbar has unconnected port s_axi_arlen[3]
WARNING: [Synth 8-3331] design axi_crossbar_v2_1_21_axi_crossbar has unconnected port s_axi_arlen[2]
WARNING: [Synth 8-3331] design axi_crossbar_v2_1_21_axi_crossbar has unconnected port s_axi_arlen[1]
WARNING: [Synth 8-3331] design axi_crossbar_v2_1_21_axi_crossbar has unconnected port s_axi_arlen[0]
WARNING: [Synth 8-3331] design axi_crossbar_v2_1_21_axi_crossbar has unconnected port s_axi_arsize[5]
WARNING: [Synth 8-3331] design axi_crossbar_v2_1_21_axi_crossbar has unconnected port s_axi_arsize[4]
WARNING: [Synth 8-3331] design axi_crossbar_v2_1_21_axi_crossbar has unconnected port s_axi_arsize[3]
WARNING: [Synth 8-3331] design axi_crossbar_v2_1_21_axi_crossbar has unconnected port s_axi_arsize[2]
WARNING: [Synth 8-3331] design axi_crossbar_v2_1_21_axi_crossbar has unconnected port s_axi_arsize[1]
WARNING: [Synth 8-3331] design axi_crossbar_v2_1_21_axi_crossbar has unconnected port s_axi_arsize[0]
WARNING: [Synth 8-3331] design axi_crossbar_v2_1_21_axi_crossbar has unconnected port s_axi_arburst[3]
INFO: [Common 17-14] Message 'Synth 8-3331' appears 100 times and further instances of the messages will be disabled. Use the Tcl command set_msg_config to change the current settings.
---------------------------------------------------------------------------------
Finished RTL Elaboration : Time (s): cpu = 00:00:34 ; elapsed = 00:01:06 . Memory (MB): peak = 2624.148 ; gain = 149.746 ; free physical = 354 ; free virtual = 5680
---------------------------------------------------------------------------------

Report Check Netlist: 
+------+------------------+-------+---------+-------+------------------+
|      |Item              |Errors |Warnings |Status |Description       |
+------+------------------+-------+---------+-------+------------------+
|1     |multi_driven_nets |      0|        0|Passed |Multi driven nets |
+------+------------------+-------+---------+-------+------------------+
---------------------------------------------------------------------------------
Start Handling Custom Attributes
---------------------------------------------------------------------------------
---------------------------------------------------------------------------------
Finished Handling Custom Attributes : Time (s): cpu = 00:00:35 ; elapsed = 00:01:07 . Memory (MB): peak = 2624.148 ; gain = 149.746 ; free physical = 307 ; free virtual = 5634
---------------------------------------------------------------------------------
---------------------------------------------------------------------------------
Finished RTL Optimization Phase 1 : Time (s): cpu = 00:00:35 ; elapsed = 00:01:07 . Memory (MB): peak = 2624.148 ; gain = 149.746 ; free physical = 307 ; free virtual = 5634
---------------------------------------------------------------------------------
Netlist sorting complete. Time (s): cpu = 00:00:00.03 ; elapsed = 00:00:00.03 . Memory (MB): peak = 2624.148 ; gain = 0.000 ; free physical = 296 ; free virtual = 5624
INFO: [Project 1-570] Preparing netlist for logic optimization

Processing XDC Constraints
Initializing timing engine
Parsing XDC File [/home/whitney/zcu102_demo/zcu102_demo.srcs/sources_1/bd/zcu102_bd/ip/zcu102_bd_xbar_0/zcu102_bd_xbar_0_ooc.xdc] for cell 'inst'
create_clock: Time (s): cpu = 00:00:09 ; elapsed = 00:00:09 . Memory (MB): peak = 2778.867 ; gain = 5.938 ; free physical = 176 ; free virtual = 5410
Finished Parsing XDC File [/home/whitney/zcu102_demo/zcu102_demo.srcs/sources_1/bd/zcu102_bd/ip/zcu102_bd_xbar_0/zcu102_bd_xbar_0_ooc.xdc] for cell 'inst'
Parsing XDC File [/home/whitney/zcu102_demo/zcu102_demo.runs/zcu102_bd_xbar_0_synth_1/dont_touch.xdc]
Finished Parsing XDC File [/home/whitney/zcu102_demo/zcu102_demo.runs/zcu102_bd_xbar_0_synth_1/dont_touch.xdc]
Completed Processing XDC Constraints

Netlist sorting complete. Time (s): cpu = 00:00:00 ; elapsed = 00:00:00 . Memory (MB): peak = 2778.867 ; gain = 0.000 ; free physical = 176 ; free virtual = 5410
INFO: [Project 1-111] Unisim Transformation Summary:
No Unisim elements were transformed.

Constraint Validation Runtime : Time (s): cpu = 00:00:00.08 ; elapsed = 00:00:00.11 . Memory (MB): peak = 2778.867 ; gain = 0.000 ; free physical = 174 ; free virtual = 5407
---------------------------------------------------------------------------------
Finished Constraint Validation : Time (s): cpu = 00:00:59 ; elapsed = 00:01:38 . Memory (MB): peak = 2778.867 ; gain = 304.465 ; free physical = 267 ; free virtual = 5371
---------------------------------------------------------------------------------
---------------------------------------------------------------------------------
Start Loading Part and Timing Information
---------------------------------------------------------------------------------
Loading part: xczu9eg-ffvb1156-2-e
INFO: [Synth 8-6742] Reading net delay rules and data
---------------------------------------------------------------------------------
Finished Loading Part and Timing Information : Time (s): cpu = 00:00:59 ; elapsed = 00:01:38 . Memory (MB): peak = 2778.867 ; gain = 304.465 ; free physical = 267 ; free virtual = 5370
---------------------------------------------------------------------------------
---------------------------------------------------------------------------------
Start Applying 'set_property' XDC Constraints
---------------------------------------------------------------------------------
Applied set_property DONT_TOUCH = true for inst. (constraint file  /home/whitney/zcu102_demo/zcu102_demo.runs/zcu102_bd_xbar_0_synth_1/dont_touch.xdc, line 9).
---------------------------------------------------------------------------------
Finished applying 'set_property' XDC Constraints : Time (s): cpu = 00:00:59 ; elapsed = 00:01:38 . Memory (MB): peak = 2778.867 ; gain = 304.465 ; free physical = 264 ; free virtual = 5368
---------------------------------------------------------------------------------
INFO: [Synth 8-4471] merging register 'gen_axilite.s_axi_wready_i_reg' into 'gen_axilite.s_axi_awready_i_reg' [/home/whitney/zcu102_demo/zcu102_demo.srcs/sources_1/bd/zcu102_bd/ipshared/6b0d/hdl/axi_crossbar_v2_1_vl_rfs.v:3574]
---------------------------------------------------------------------------------
Finished RTL Optimization Phase 2 : Time (s): cpu = 00:01:00 ; elapsed = 00:01:39 . Memory (MB): peak = 2778.867 ; gain = 304.465 ; free physical = 233 ; free virtual = 5354
---------------------------------------------------------------------------------

Report RTL Partitions: 
+-+--------------+------------+----------+
| |RTL Partition |Replication |Instances |
+-+--------------+------------+----------+
+-+--------------+------------+----------+
---------------------------------------------------------------------------------
Start RTL Component Statistics 
---------------------------------------------------------------------------------
Detailed RTL Component Info : 
+---Registers : 
	               72 Bit    Registers := 1     
	               36 Bit    Registers := 2     
	                3 Bit    Registers := 1     
	                2 Bit    Registers := 8     
	                1 Bit    Registers := 12    
+---Muxes : 
	   2 Input     72 Bit        Muxes := 2     
	   2 Input     36 Bit        Muxes := 2     
	   2 Input      2 Bit        Muxes := 1     
	   2 Input      1 Bit        Muxes := 11    
---------------------------------------------------------------------------------
Finished RTL Component Statistics 
---------------------------------------------------------------------------------
---------------------------------------------------------------------------------
Start RTL Hierarchical Component Statistics 
---------------------------------------------------------------------------------
Hierarchical RTL Component report 
Module axi_crossbar_v2_1_21_addr_decoder 
Detailed RTL Component Info : 
+---Muxes : 
	   2 Input      1 Bit        Muxes := 1     
Module axi_crossbar_v2_1_21_decerr_slave 
Detailed RTL Component Info : 
+---Registers : 
	                1 Bit    Registers := 4     
+---Muxes : 
	   2 Input      1 Bit        Muxes := 3     
Module axi_crossbar_v2_1_21_addr_arbiter_sasd 
Detailed RTL Component Info : 
+---Registers : 
	               72 Bit    Registers := 1     
	                2 Bit    Registers := 5     
	                1 Bit    Registers := 4     
+---Muxes : 
	   2 Input     72 Bit        Muxes := 2     
	   2 Input      1 Bit        Muxes := 7     
Module axi_crossbar_v2_1_21_splitter 
Detailed RTL Component Info : 
+---Registers : 
	                3 Bit    Registers := 1     
Module axi_crossbar_v2_1_21_splitter__parameterized0 
Detailed RTL Component Info : 
+---Registers : 
	                2 Bit    Registers := 1     
Module axi_register_slice_v2_1_20_axic_register_slice 
Detailed RTL Component Info : 
+---Registers : 
	               36 Bit    Registers := 2     
	                2 Bit    Registers := 1     
	                1 Bit    Registers := 2     
+---Muxes : 
	   2 Input     36 Bit        Muxes := 2     
Module axi_crossbar_v2_1_21_crossbar_sasd 
Detailed RTL Component Info : 
+---Registers : 
	                2 Bit    Registers := 1     
	                1 Bit    Registers := 2     
+---Muxes : 
	   2 Input      2 Bit        Muxes := 1     
---------------------------------------------------------------------------------
Finished RTL Hierarchical Component Statistics
---------------------------------------------------------------------------------
---------------------------------------------------------------------------------
Start Part Resource Summary
---------------------------------------------------------------------------------
Part Resources:
DSPs: 2520 (col length:168)
BRAMs: 1824 (col length: RAMB18 168 RAMB36 84)
---------------------------------------------------------------------------------
Finished Part Resource Summary
---------------------------------------------------------------------------------
---------------------------------------------------------------------------------
Start Cross Boundary and Area Optimization
---------------------------------------------------------------------------------
Warning: Parallel synthesis criteria is not met 
INFO: [Synth 8-3936] Found unconnected internal register 'gen_sasd.crossbar_sasd_0/reg_slice_r/m_payload_i_reg' and it is trimmed from '36' to '35' bits. [/home/whitney/zcu102_demo/zcu102_demo.srcs/sources_1/bd/zcu102_bd/ipshared/72d4/hdl/axi_register_slice_v2_1_vl_rfs.v:1709]
---------------------------------------------------------------------------------
Finished Cross Boundary and Area Optimization : Time (s): cpu = 00:01:02 ; elapsed = 00:01:41 . Memory (MB): peak = 2778.867 ; gain = 304.465 ; free physical = 173 ; free virtual = 5196
---------------------------------------------------------------------------------

Report RTL Partitions: 
+-+--------------+------------+----------+
| |RTL Partition |Replication |Instances |
+-+--------------+------------+----------+
+-+--------------+------------+----------+
---------------------------------------------------------------------------------
Start Applying XDC Timing Constraints
---------------------------------------------------------------------------------
---------------------------------------------------------------------------------
Finished Applying XDC Timing Constraints : Time (s): cpu = 00:02:03 ; elapsed = 00:03:31 . Memory (MB): peak = 3154.453 ; gain = 680.051 ; free physical = 4537 ; free virtual = 6746
---------------------------------------------------------------------------------
---------------------------------------------------------------------------------
Start Timing Optimization
---------------------------------------------------------------------------------
---------------------------------------------------------------------------------
Finished Timing Optimization : Time (s): cpu = 00:02:05 ; elapsed = 00:03:32 . Memory (MB): peak = 3182.484 ; gain = 708.082 ; free physical = 4482 ; free virtual = 6695
---------------------------------------------------------------------------------

Report RTL Partitions: 
+-+--------------+------------+----------+
| |RTL Partition |Replication |Instances |
+-+--------------+------------+----------+
+-+--------------+------------+----------+
---------------------------------------------------------------------------------
Start Technology Mapping
---------------------------------------------------------------------------------
---------------------------------------------------------------------------------
Finished Technology Mapping : Time (s): cpu = 00:02:05 ; elapsed = 00:03:33 . Memory (MB): peak = 3190.492 ; gain = 716.090 ; free physical = 4482 ; free virtual = 6696
---------------------------------------------------------------------------------

Report RTL Partitions: 
+-+--------------+------------+----------+
| |RTL Partition |Replication |Instances |
+-+--------------+------------+----------+
+-+--------------+------------+----------+
---------------------------------------------------------------------------------
Start IO Insertion
---------------------------------------------------------------------------------
---------------------------------------------------------------------------------
Start Flattening Before IO Insertion
---------------------------------------------------------------------------------
---------------------------------------------------------------------------------
Finished Flattening Before IO Insertion
---------------------------------------------------------------------------------
---------------------------------------------------------------------------------
Start Final Netlist Cleanup
---------------------------------------------------------------------------------
---------------------------------------------------------------------------------
Finished Final Netlist Cleanup
---------------------------------------------------------------------------------
---------------------------------------------------------------------------------
Finished IO Insertion : Time (s): cpu = 00:02:11 ; elapsed = 00:03:39 . Memory (MB): peak = 3193.461 ; gain = 719.059 ; free physical = 6162 ; free virtual = 8380
---------------------------------------------------------------------------------
---------------------------------------------------------------------------------
Start Renaming Generated Instances
---------------------------------------------------------------------------------
---------------------------------------------------------------------------------
Finished Renaming Generated Instances : Time (s): cpu = 00:02:11 ; elapsed = 00:03:39 . Memory (MB): peak = 3193.461 ; gain = 719.059 ; free physical = 6162 ; free virtual = 8379
---------------------------------------------------------------------------------

Report RTL Partitions: 
+-+--------------+------------+----------+
| |RTL Partition |Replication |Instances |
+-+--------------+------------+----------+
+-+--------------+------------+----------+

Report Check Netlist: 
+------+------------------+-------+---------+-------+------------------+
|      |Item              |Errors |Warnings |Status |Description       |
+------+------------------+-------+---------+-------+------------------+
|1     |multi_driven_nets |      0|        0|Passed |Multi driven nets |
+------+------------------+-------+---------+-------+------------------+
---------------------------------------------------------------------------------
Start Rebuilding User Hierarchy
---------------------------------------------------------------------------------
---------------------------------------------------------------------------------
Finished Rebuilding User Hierarchy : Time (s): cpu = 00:02:11 ; elapsed = 00:03:39 . Memory (MB): peak = 3193.461 ; gain = 719.059 ; free physical = 6156 ; free virtual = 8373
---------------------------------------------------------------------------------
---------------------------------------------------------------------------------
Start Renaming Generated Ports
---------------------------------------------------------------------------------
---------------------------------------------------------------------------------
Finished Renaming Generated Ports : Time (s): cpu = 00:02:11 ; elapsed = 00:03:39 . Memory (MB): peak = 3193.461 ; gain = 719.059 ; free physical = 6156 ; free virtual = 8373
---------------------------------------------------------------------------------
---------------------------------------------------------------------------------
Start Handling Custom Attributes
---------------------------------------------------------------------------------
---------------------------------------------------------------------------------
Finished Handling Custom Attributes : Time (s): cpu = 00:02:11 ; elapsed = 00:03:39 . Memory (MB): peak = 3193.461 ; gain = 719.059 ; free physical = 6153 ; free virtual = 8370
---------------------------------------------------------------------------------
---------------------------------------------------------------------------------
Start Renaming Generated Nets
---------------------------------------------------------------------------------
---------------------------------------------------------------------------------
Finished Renaming Generated Nets : Time (s): cpu = 00:02:11 ; elapsed = 00:03:39 . Memory (MB): peak = 3193.461 ; gain = 719.059 ; free physical = 6153 ; free virtual = 8370
---------------------------------------------------------------------------------
---------------------------------------------------------------------------------
Start Writing Synthesis Report
---------------------------------------------------------------------------------

Report BlackBoxes: 
+-+--------------+----------+
| |BlackBox name |Instances |
+-+--------------+----------+
+-+--------------+----------+

Report Cell Usage: 
+------+-----+------+
|      |Cell |Count |
+------+-----+------+
|1     |LUT1 |     2|
|2     |LUT2 |    13|
|3     |LUT3 |    45|
|4     |LUT4 |    43|
|5     |LUT5 |    94|
|6     |LUT6 |    32|
|7     |FDRE |   143|
|8     |FDSE |     1|
+------+-----+------+

Report Instance Areas: 
+------+-------------------------------------+-----------------------------------------------+------+
|      |Instance                             |Module                                         |Cells |
+------+-------------------------------------+-----------------------------------------------+------+
|1     |top                                  |                                               |   373|
|2     |  inst                               |axi_crossbar_v2_1_21_axi_crossbar              |   373|
|3     |    \gen_sasd.crossbar_sasd_0        |axi_crossbar_v2_1_21_crossbar_sasd             |   373|
|4     |      addr_arbiter_inst              |axi_crossbar_v2_1_21_addr_arbiter_sasd         |   246|
|5     |      \gen_decerr.decerr_slave_inst  |axi_crossbar_v2_1_21_decerr_slave              |     6|
|6     |      reg_slice_r                    |axi_register_slice_v2_1_20_axic_register_slice |   110|
|7     |      splitter_ar                    |axi_crossbar_v2_1_21_splitter__parameterized0  |     2|
|8     |      splitter_aw                    |axi_crossbar_v2_1_21_splitter                  |     3|
+------+-------------------------------------+-----------------------------------------------+------+
---------------------------------------------------------------------------------
Finished Writing Synthesis Report : Time (s): cpu = 00:02:11 ; elapsed = 00:03:39 . Memory (MB): peak = 3193.461 ; gain = 719.059 ; free physical = 6152 ; free virtual = 8369
---------------------------------------------------------------------------------
Synthesis finished with 0 errors, 0 critical warnings and 107 warnings.
Synthesis Optimization Runtime : Time (s): cpu = 00:01:55 ; elapsed = 00:03:17 . Memory (MB): peak = 3193.461 ; gain = 564.340 ; free physical = 6187 ; free virtual = 8404
Synthesis Optimization Complete : Time (s): cpu = 00:02:11 ; elapsed = 00:03:39 . Memory (MB): peak = 3193.469 ; gain = 719.059 ; free physical = 6187 ; free virtual = 8404
INFO: [Project 1-571] Translating synthesized netlist
Netlist sorting complete. Time (s): cpu = 00:00:00.01 ; elapsed = 00:00:00.02 . Memory (MB): peak = 3204.430 ; gain = 0.000 ; free physical = 6197 ; free virtual = 8419
INFO: [Project 1-570] Preparing netlist for logic optimization
INFO: [Opt 31-138] Pushed 0 inverter(s) to 0 load pin(s).
Netlist sorting complete. Time (s): cpu = 00:00:00 ; elapsed = 00:00:00 . Memory (MB): peak = 3252.320 ; gain = 0.000 ; free physical = 6137 ; free virtual = 8364
INFO: [Project 1-111] Unisim Transformation Summary:
No Unisim elements were transformed.

INFO: [Common 17-83] Releasing license: Synthesis
45 Infos, 104 Warnings, 0 Critical Warnings and 0 Errors encountered.
synth_design completed successfully
synth_design: Time (s): cpu = 00:02:47 ; elapsed = 00:04:25 . Memory (MB): peak = 3252.320 ; gain = 1681.184 ; free physical = 6266 ; free virtual = 8492
Netlist sorting complete. Time (s): cpu = 00:00:00 ; elapsed = 00:00:00 . Memory (MB): peak = 3252.320 ; gain = 0.000 ; free physical = 6266 ; free virtual = 8492
WARNING: [Constraints 18-5210] No constraints selected for write.
Resolution: This message can indicate that there are no constraints for the design, or it can indicate that the used_in flags are set such that the constraints are ignored. This later case is used when running synth_design to not write synthesis constraints to the resulting checkpoint. Instead, project constraints are read when the synthesized design is opened.
INFO: [Common 17-1381] The checkpoint '/home/whitney/zcu102_demo/zcu102_demo.runs/zcu102_bd_xbar_0_synth_1/zcu102_bd_xbar_0.dcp' has been generated.
WARNING: [Common 17-576] 'use_project_ipc' is deprecated. This option is deprecated and no longer used.
INFO: [Coretcl 2-1648] Added synthesis output to IP cache for IP zcu102_bd_xbar_0, cache-ID = fb67e6a03246d794
INFO: [Coretcl 2-1174] Renamed 7 cell refs.
Netlist sorting complete. Time (s): cpu = 00:00:00 ; elapsed = 00:00:00 . Memory (MB): peak = 3276.332 ; gain = 0.000 ; free physical = 6248 ; free virtual = 8478
WARNING: [Constraints 18-5210] No constraints selected for write.
Resolution: This message can indicate that there are no constraints for the design, or it can indicate that the used_in flags are set such that the constraints are ignored. This later case is used when running synth_design to not write synthesis constraints to the resulting checkpoint. Instead, project constraints are read when the synthesized design is opened.
INFO: [Common 17-1381] The checkpoint '/home/whitney/zcu102_demo/zcu102_demo.runs/zcu102_bd_xbar_0_synth_1/zcu102_bd_xbar_0.dcp' has been generated.
INFO: [runtcl-4] Executing : report_utilization -file zcu102_bd_xbar_0_utilization_synth.rpt -pb zcu102_bd_xbar_0_utilization_synth.pb
INFO: [Common 17-206] Exiting Vivado at Sat Jun 13 11:30:05 2020...
